[debug] ----------------------------------------------------------------------
[debug] Command:      C:\Program Files (x86)\nodejs\node.exe C:\Users\syed\AppData\Roaming\npm\node_modules\firebase-tools\bin\firebase deploy
[debug] Platform:     win32
[debug] Node Version: v4.2.2
[debug] Time:         Wed Jan 27 2016 22:19:55 GMT+0500 (Pakistan Standard Time)
[debug] ----------------------------------------------------------------------
[debug] 
[debug] >>> HTTP REQUEST GET https://admin.firebase.com/firebase/sellbazar1/token?token=XXX 
[debug] <<< HTTP RESPONSE 200
[debug] >>> HTTP REQUEST GET https://admin.firebase.com/firebase/sellbazar1/token?token=XXX 
[debug] <<< HTTP RESPONSE 200
[info] 
[info] === Deploying to 'sellbazar1'...
[info] 
[info] i  deploying hosting
[info] i  preparing public directory for upload...
[debug] >>> HTTP REQUEST PUT https://deploy.firebase.com/firebase/sellbazar1/uploads/-K935JUniEpZy4Um32Tr?token=XXX&fileCount=625&message= 
[debug] <<< HTTP RESPONSE 200
[error] 
[error] Error: File upload failed: The request timed out.
[debug] Error Context: {
  "duration": 120038,
  "fileCount": 0,
  "ip": "39.44.214.141",
  "start": 1453915240331,
  "status": "failed",
  "statusMessage": "The request timed out.",
  "uid": "-JnqUKhZFj-b6CsBa4aX",
  "uploadedCount": 0
}
[debug] ----------------------------------------------------------------------
[debug] Command:      C:\Program Files (x86)\nodejs\node.exe C:\Users\syed\AppData\Roaming\npm\node_modules\firebase-tools\bin\firebase deploy
[debug] Platform:     win32
[debug] Node Version: v4.2.2
[debug] Time:         Wed Jan 27 2016 22:27:02 GMT+0500 (Pakistan Standard Time)
[debug] ----------------------------------------------------------------------
[debug] 
[debug] >>> HTTP REQUEST GET https://admin.firebase.com/firebase/sellbazar1/token?token=XXX 
[debug] <<< HTTP RESPONSE 200
[debug] >>> HTTP REQUEST GET https://admin.firebase.com/firebase/sellbazar1/token?token=XXX 
[debug] <<< HTTP RESPONSE 200
[info] 
[info] === Deploying to 'sellbazar1'...
[info] 
[info] i  deploying hosting
[info] i  preparing public directory for upload...
[debug] >>> HTTP REQUEST PUT https://deploy.firebase.com/firebase/sellbazar1/uploads/-K936wGWP43RGtKyJKXX?token=XXX&fileCount=625&message= 
[debug] <<< HTTP RESPONSE 200
[error] 
[error] Error: File upload failed: The request timed out.
[debug] Error Context: {
  "duration": 120043,
  "fileCount": 0,
  "ip": "39.44.214.141",
  "start": 1453915664069,
  "status": "failed",
  "statusMessage": "The request timed out.",
  "uid": "-JnqUKhZFj-b6CsBa4aX",
  "uploadedCount": 0
}
